e:\win32\quiskin\quiskin\debug\quiskin.pch
e:\win32\quiskin\quiskin\debug\vc120.pdb
e:\win32\quiskin\quiskin\debug\vc120.idb
e:\win32\quiskin\quiskin\debug\stdafx.obj
e:\win32\quiskin\quiskin\debug\dllmain.obj
e:\win32\quiskin\quiskin\debug\quibutton.obj
e:\win32\quiskin\quiskin\debug\quiedit.obj
e:\win32\quiskin\quiskin\debug\quilistcpp.obj
e:\win32\quiskin\quiskin\debug\quiscrollbar.obj
e:\win32\quiskin\quiskin\debug\quiskin.obj
e:\win32\quiskin\quiskin\debug\quistatictext.obj
e:\win32\quiskin\quiskin\debug\quitree.obj
e:\win32\quiskin\quiskin\debug\quiwnd.obj
e:\win32\quiskin\quiskin\debug\uielement.obj
e:\win32\quiskin\bin\debug\quiskin.ilk
e:\win32\quiskin\bin\debug\quiskin.dll
e:\win32\quiskin\bin\debug\quiskin.pdb
e:\win32\quiskin\lib\debug\quiskin.lib
e:\win32\quiskin\lib\debug\quiskin.exp
e:\win32\quiskin\quiskin\..\bin\debug\quiskin.dll
e:\win32\quiskin\quiskin\debug\quiskin.tlog\cl.command.1.tlog
e:\win32\quiskin\quiskin\debug\quiskin.tlog\cl.read.1.tlog
e:\win32\quiskin\quiskin\debug\quiskin.tlog\cl.write.1.tlog
e:\win32\quiskin\quiskin\debug\quiskin.tlog\link.command.1.tlog
e:\win32\quiskin\quiskin\debug\quiskin.tlog\link.read.1.tlog
e:\win32\quiskin\quiskin\debug\quiskin.tlog\link.write.1.tlog
e:\win32\quiskin\quiskin\debug\quiskin.tlog\quiskin.write.1u.tlog
