e:\win32\quiskin\demo\debug\demo.pch
e:\win32\quiskin\demo\debug\vc120.pdb
e:\win32\quiskin\demo\debug\vc120.idb
e:\win32\quiskin\demo\debug\stdafx.obj
e:\win32\quiskin\demo\debug\mainframe.obj
e:\win32\quiskin\demo\debug\demo.obj
e:\win32\quiskin\bin\debug\demo.ilk
e:\win32\quiskin\bin\debug\demo.exe
e:\win32\quiskin\bin\debug\demo.pdb
e:\win32\quiskin\demo\debug\demo.res
e:\win32\quiskin\demo\..\bin\debug\demo.exe
e:\win32\quiskin\demo\debug\demo.tlog\cl.command.1.tlog
e:\win32\quiskin\demo\debug\demo.tlog\cl.read.1.tlog
e:\win32\quiskin\demo\debug\demo.tlog\cl.write.1.tlog
e:\win32\quiskin\demo\debug\demo.tlog\link.command.1.tlog
e:\win32\quiskin\demo\debug\demo.tlog\link.read.1.tlog
e:\win32\quiskin\demo\debug\demo.tlog\link.write.1.tlog
e:\win32\quiskin\demo\debug\demo.tlog\rc.command.1.tlog
e:\win32\quiskin\demo\debug\demo.tlog\rc.read.1.tlog
e:\win32\quiskin\demo\debug\demo.tlog\rc.write.1.tlog
